#
# There is insufficient memory for the Java Runtime Environment to continue.
# Native memory allocation (malloc) failed to allocate 126615552 bytes for committing reserved memory.
# Possible reasons:
#   The system is out of physical RAM or swap space
#   In 32 bit mode, the process size limit was hit
# Possible solutions:
#   Reduce memory load on the system
#   Increase physical memory or swap space
#   Check if swap backing store is full
#   Use 64 bit Java on a 64 bit OS
#   Decrease Java heap size (-Xmx/-Xms)
#   Decrease number of Java threads
#   Decrease Java thread stack sizes (-Xss)
#   Set larger code cache with -XX:ReservedCodeCacheSize=
# This output file may be truncated or incomplete.
#
#  Out of Memory Error (os_linux.cpp:2756), pid=9710, tid=2678061888
#
# JRE version: Java(TM) SE Runtime Environment (7.0_80-b15) (build 1.7.0_80-b15)
# Java VM: Java HotSpot(TM) Server VM (24.80-b11 mixed mode linux-x86 )
# Failed to write core dump. Core dumps have been disabled. To enable core dumping, try "ulimit -c unlimited" before starting Java again
#

---------------  T H R E A D  ---------------

Current thread (0x9fa80c00):  VMThread [stack: 0x9f97f000,0x9fa00000] [id=9731]

Stack: [0x9f97f000,0x9fa00000],  sp=0x9f9fe9a0,  free space=510k
Native frames: (J=compiled Java code, j=interpreted, Vv=VM code, C=native code)
V  [libjvm.so+0x7ea656]  VMError::report_and_die()+0x1a6
V  [libjvm.so+0x33eb82]  report_vm_out_of_memory(char const*, int, unsigned int, char const*)+0x72
V  [libjvm.so+0x687fb1]  os::Linux::commit_memory_impl(char*, unsigned int, bool)+0xe1
V  [libjvm.so+0x688478]  os::pd_commit_memory(char*, unsigned int, unsigned int, bool)+0x28
V  [libjvm.so+0x681b2c]  os::commit_memory(char*, unsigned int, unsigned int, bool)+0x2c
V  [libjvm.so+0x6ea8d8]  PSVirtualSpace::expand_by(unsigned int)+0x48
V  [libjvm.so+0x6eb9da]  PSYoungGen::resize_generation(unsigned int, unsigned int)+0xda
V  [libjvm.so+0x6ead19]  PSYoungGen::resize(unsigned int, unsigned int)+0x19
V  [libjvm.so+0x6e8649]  PSScavenge::invoke_no_policy()+0xcf9
V  [libjvm.so+0x6e8ea8]  PSScavenge::invoke()+0x28
V  [libjvm.so+0x6a851a]  ParallelScavengeHeap::failed_mem_allocate(unsigned int)+0x5a
V  [libjvm.so+0x7ebeea]  VM_ParallelGCFailedAllocation::doit()+0x7a
V  [libjvm.so+0x7f4d07]  VM_Operation::evaluate()+0x47
V  [libjvm.so+0x7f2da3]  VMThread::evaluate_operation(VM_Operation*)+0xb3
V  [libjvm.so+0x7f3140]  VMThread::loop()+0x1b0
V  [libjvm.so+0x7f35a5]  VMThread::run()+0x85
V  [libjvm.so+0x68a249]  java_start(Thread*)+0x119
C  [libpthread.so.0+0x6f72]  start_thread+0xd2

VM_Operation (0x9d8b8104): ParallelGCFailedAllocation, mode: safepoint, requested by thread 0x09e3e800


---------------  P R O C E S S  ---------------

Java Threads: ( => current thread )
  0xa2f24400 JavaThread "block-manager-slave-async-thread-pool-2" daemon [_thread_blocked, id=9833, stack(0x9b3ac000,0x9b3fd000)]
  0xa2f23800 JavaThread "block-manager-slave-async-thread-pool-1" daemon [_thread_blocked, id=9832, stack(0x9b3fd000,0x9b44e000)]
  0xa2c6a400 JavaThread "block-manager-slave-async-thread-pool-0" daemon [_thread_blocked, id=9831, stack(0x9b44e000,0x9b49f000)]
  0xa2f21000 JavaThread "block-manager-ask-thread-pool-0" daemon [_thread_blocked, id=9830, stack(0x9b4f0000,0x9b541000)]
  0xa2c69800 JavaThread "Executor task launch worker-1" daemon [_thread_blocked, id=9826, stack(0x9b634000,0x9b685000)]
  0x9faba800 JavaThread "task-result-getter-3" daemon [_thread_blocked, id=9816, stack(0x9b727000,0x9b778000)]
  0xa2c64400 JavaThread "task-result-getter-2" daemon [_thread_blocked, id=9811, stack(0x9b81a000,0x9b86b000)]
  0xa2c5cc00 JavaThread "task-result-getter-1" daemon [_thread_blocked, id=9802, stack(0x9b8bc000,0x9b90d000)]
  0xa2c59800 JavaThread "task-result-getter-0" daemon [_thread_blocked, id=9797, stack(0x9b95e000,0x9b9af000)]
  0x9c362000 JavaThread "stderr reader for python" daemon [_thread_in_native, id=9793, stack(0x9b9af000,0x9ba00000)]
  0x9d0e0c00 JavaThread "stdout reader for python" daemon [_thread_in_native, id=9792, stack(0x9bb0d000,0x9bb5e000)]
  0x9d0e0000 JavaThread "Idle Worker Monitor for python" daemon [_thread_blocked, id=9790, stack(0x9bb5e000,0x9bbaf000)]
  0xa2f43400 JavaThread "Executor task launch worker-0" daemon [_thread_blocked, id=9787, stack(0x9bbaf000,0x9bc00000)]
  0x9be87800 JavaThread "SparkListenerBus" daemon [_thread_blocked, id=9785, stack(0x9bd0d000,0x9bd5e000)]
  0x9be86000 JavaThread "context-cleaner-periodic-gc" daemon [_thread_blocked, id=9784, stack(0x9bd5e000,0x9bdaf000)]
  0x9be85000 JavaThread "Spark Context Cleaner" daemon [_thread_blocked, id=9783, stack(0x9bdaf000,0x9be00000)]
  0x9c0a7800 JavaThread "shuffle-server-0" daemon [_thread_in_native, id=9782, stack(0x9bf0d000,0x9bf5e000)]
  0x9c0a6c00 JavaThread "driver-heartbeater" daemon [_thread_blocked, id=9781, stack(0x9bf5e000,0x9bfaf000)]
  0x9c0a3000 JavaThread "dag-scheduler-event-loop" daemon [_thread_blocked, id=9780, stack(0x9bfaf000,0x9c000000)]
  0x9f613400 JavaThread "netty-rpc-env-timeout" daemon [_thread_blocked, id=9779, stack(0x9c10d000,0x9c15e000)]
  0x9c07d000 JavaThread "Timer-0" daemon [_thread_blocked, id=9778, stack(0x9cb27000,0x9cb78000)]
  0xa2d01400 JavaThread "heartbeat-receiver-event-loop-thread" daemon [_thread_blocked, id=9777, stack(0x9cb78000,0x9cbc9000)]
  0x9c020c00 JavaThread "SparkUI-48" daemon [_thread_blocked, id=9774, stack(0x9c15e000,0x9c1af000)]
  0x9c01f000 JavaThread "SparkUI-47" daemon [_thread_blocked, id=9773, stack(0x9c70d000,0x9c75e000)]
  0x9c01d800 JavaThread "SparkUI-46" daemon [_thread_blocked, id=9772, stack(0x9c75e000,0x9c7af000)]
  0x9c01c000 JavaThread "SparkUI-45" daemon [_thread_blocked, id=9771, stack(0x9c7af000,0x9c800000)]
  0x9c01ac00 JavaThread "SparkUI-44" daemon [_thread_blocked, id=9770, stack(0x9ca1e000,0x9ca6f000)]
  0x9c019800 JavaThread "SparkUI-43-acceptor-0@2232d6-ServerConnector@38b699{HTTP/1.1}{0.0.0.0:4040}" daemon [_thread_in_native, id=9769, stack(0x9ca6f000,0x9cac0000)]
  0x9c396800 JavaThread "SparkUI-42-selector-ServerConnectorManager@1fe38f3/1" daemon [_thread_in_native, id=9768, stack(0x9cac0000,0x9cb11000)]
  0x9c396000 JavaThread "SparkUI-41-selector-ServerConnectorManager@1fe38f3/0" daemon [_thread_in_native, id=9767, stack(0x9c1af000,0x9c200000)]
  0x9cf6f400 JavaThread "map-output-dispatcher-7" daemon [_thread_blocked, id=9765, stack(0x9cbc9000,0x9cc1a000)]
  0x9cf6d800 JavaThread "map-output-dispatcher-6" daemon [_thread_blocked, id=9764, stack(0x9cc1a000,0x9cc6b000)]
  0x9cf6c000 JavaThread "map-output-dispatcher-5" daemon [_thread_blocked, id=9763, stack(0x9cc6b000,0x9ccbc000)]
  0x9cf6a800 JavaThread "map-output-dispatcher-4" daemon [_thread_blocked, id=9762, stack(0x9ccbc000,0x9cd0d000)]
  0x9cf69800 JavaThread "map-output-dispatcher-3" daemon [_thread_blocked, id=9761, stack(0x9cd0d000,0x9cd5e000)]
  0x9cf68800 JavaThread "map-output-dispatcher-2" daemon [_thread_blocked, id=9760, stack(0x9cd5e000,0x9cdaf000)]
  0x9cf66800 JavaThread "map-output-dispatcher-1" daemon [_thread_blocked, id=9759, stack(0x9cdaf000,0x9ce00000)]
  0x9cf65400 JavaThread "map-output-dispatcher-0" daemon [_thread_blocked, id=9758, stack(0x9d10d000,0x9d15e000)]
  0x9cec9c00 JavaThread "shuffle-server-0" daemon [_thread_in_native, id=9757, stack(0x9d15e000,0x9d1af000)]
  0x9ce34000 JavaThread "dispatcher-event-loop-3" daemon [_thread_blocked, id=9755, stack(0x9d1af000,0x9d200000)]
  0x9ce32c00 JavaThread "dispatcher-event-loop-2" daemon [_thread_blocked, id=9754, stack(0x9d50d000,0x9d55e000)]
  0x9ce3c000 JavaThread "dispatcher-event-loop-1" daemon [_thread_blocked, id=9753, stack(0x9d55e000,0x9d5af000)]
  0x9ce3b400 JavaThread "dispatcher-event-loop-0" daemon [_thread_blocked, id=9752, stack(0x9d5af000,0x9d600000)]
  0x9d48f000 JavaThread "process reaper" daemon [_thread_in_native, id=9747, stack(0x9d70f000,0x9d72a000)]
  0x09e3e800 JavaThread "Thread-3" daemon [_thread_blocked, id=9745, stack(0x9d86b000,0x9d8bc000)]
  0x9da82400 JavaThread "redirect output" daemon [_thread_in_native, id=9744, stack(0x9d8bc000,0x9d90d000)]
  0x9da81c00 JavaThread "process reaper" daemon [_thread_in_native, id=9743, stack(0x9d95e000,0x9d9af000)]
  0x9da77000 JavaThread "Thread-2" daemon [_thread_in_native, id=9741, stack(0x9d90d000,0x9d95e000)]
  0x9da6f000 JavaThread "pool-1-thread-1" [_thread_blocked, id=9739, stack(0x9d9af000,0x9da00000)]
  0x9fa9b000 JavaThread "Service Thread" daemon [_thread_blocked, id=9737, stack(0x9f70d000,0x9f75e000)]
  0x9fa99000 JavaThread "C2 CompilerThread1" daemon [_thread_blocked, id=9736, stack(0x9f18e000,0x9f20f000)]
  0x9fa97000 JavaThread "C2 CompilerThread0" daemon [_thread_blocked, id=9735, stack(0x9f20f000,0x9f290000)]
  0x9fa95800 JavaThread "Signal Dispatcher" daemon [_thread_blocked, id=9734, stack(0x9f75e000,0x9f7af000)]
  0x9fa85000 JavaThread "Finalizer" daemon [_thread_blocked, id=9733, stack(0x9f7af000,0x9f800000)]
  0x9fa83400 JavaThread "Reference Handler" daemon [_thread_blocked, id=9732, stack(0x9f92e000,0x9f97f000)]
  0xf670bc00 JavaThread "main" [_thread_blocked, id=9726, stack(0xf6804000,0xf6855000)]

Other Threads:
=>0x9fa80c00 VMThread [stack: 0x9f97f000,0x9fa00000] [id=9731]
  0x9faa5000 WatcherThread [stack: 0x9f10d000,0x9f18e000] [id=9738]

VM state:at safepoint (normal execution)

VM Mutex/Monitor currently owned by a thread:  ([mutex/lock_event])
[0xf67094a8] Threads_lock - owner thread: 0x9fa80c00
[0xf67098b8] Heap_lock - owner thread: 0x09e3e800

Heap
 PSYoungGen      total 203008K, used 12538K [0xde040000, 0xeb3c0000, 0xf35c0000)
  eden space 190464K, 0% used [0xde040000,0xde040000,0xe9a40000)
  from space 12544K, 99% used [0xe9a40000,0xea67eb48,0xea680000)
  to   space 11520K, 0% used [0xea680000,0xea680000,0xeb1c0000)
 ParOldGen       total 40704K, used 21791K [0xb35c0000, 0xb5d80000, 0xde040000)
  object space 40704K, 53% used [0xb35c0000,0xb4b07de8,0xb5d80000)
 PSPermGen       total 38912K, used 38848K [0xa35c0000, 0xa5bc0000, 0xb35c0000)
  object space 38912K, 99% used [0xa35c0000,0xa5bb0328,0xa5bc0000)

Card table byte_map: [0xa333f000,0xa35c0000] byte_map_base: 0xa2e24200

Polling page: 0xf77aa000

Code Cache  [0xf3687000, 0xf38c7000, 0xf6687000)
 total_blobs=928 nmethods=723 adapters=156 free_code_cache=47717Kb largest_free_block=48827840

Compilation events (10 events):
Event: 10.910 Thread 0x9fa97000  770             org.apache.spark.sql.catalyst.trees.TreeNode::mapProductIterator (59 bytes)
Event: 10.916 Thread 0x9fa97000 nmethod 770 0xf37e0ec8 code [0xf37e1000, 0xf37e127c]
Event: 10.974 Thread 0x9fa99000  771             scala.collection.AbstractTraversable::to (6 bytes)
Event: 11.016 Thread 0x9fa99000 nmethod 771 0xf37f3148 code [0xf37f3400, 0xf37f4168]
Event: 11.334 Thread 0x9fa97000  772 %           java.lang.Class$MethodArray::addIfNotPresent @ 2 (47 bytes)
Event: 11.342 Thread 0x9fa97000 nmethod 772% 0xf37f0c48 code [0xf37f0d80, 0xf37f11d0]
Event: 11.342 Thread 0x9fa99000  773             java.lang.Class$MethodArray::addIfNotPresent (47 bytes)
Event: 11.348 Thread 0x9fa99000 nmethod 773 0xf37c44c8 code [0xf37c45e0, 0xf37c49d0]
Event: 11.377 Thread 0x9fa97000  774             java.util.regex.Pattern$Slice::match (79 bytes)
Event: 11.387 Thread 0x9fa97000 nmethod 774 0xf37baa48 code [0xf37bab60, 0xf37baed0]

GC Heap History (10 events):
Event: 2.725 GC heap after
Heap after GC invocations=6 (full 0):
 PSYoungGen      total 64512K, used 3827K [0xde040000, 0xe2540000, 0xf35c0000)
  eden space 60672K, 0% used [0xde040000,0xde040000,0xe1b80000)
  from space 3840K, 99% used [0xe2000000,0xe23bce78,0xe23c0000)
  to   space 4608K, 0% used [0xe1b80000,0xe1b80000,0xe2000000)
 ParOldGen       total 40704K, used 1801K [0xb35c0000, 0xb5d80000, 0xde040000)
  object space 40704K, 4% used [0xb35c0000,0xb3782588,0xb5d80000)
 PSPermGen       total 16384K, used 11239K [0xa35c0000, 0xa45c0000, 0xb35c0000)
  object space 16384K, 68% used [0xa35c0000,0xa40b9c40,0xa45c0000)
}
Event: 3.387 GC heap before
{Heap before GC invocations=7 (full 0):
 PSYoungGen      total 64512K, used 64499K [0xde040000, 0xe2540000, 0xf35c0000)
  eden space 60672K, 100% used [0xde040000,0xe1b80000,0xe1b80000)
  from space 3840K, 99% used [0xe2000000,0xe23bce78,0xe23c0000)
  to   space 4608K, 0% used [0xe1b80000,0xe1b80000,0xe2000000)
 ParOldGen       total 40704K, used 1801K [0xb35c0000, 0xb5d80000, 0xde040000)
  object space 40704K, 4% used [0xb35c0000,0xb3782588,0xb5d80000)
 PSPermGen       total 16384K, used 15319K [0xa35c0000, 0xa45c0000, 0xb35c0000)
  object space 16384K, 93% used [0xa35c0000,0xa44b5c48,0xa45c0000)
Event: 3.403 GC heap after
Heap after GC invocations=7 (full 0):
 PSYoungGen      total 65280K, used 4602K [0xde040000, 0xe63c0000, 0xf35c0000)
  eden space 60672K, 0% used [0xde040000,0xde040000,0xe1b80000)
  from space 4608K, 99% used [0xe1b80000,0xe1ffe9e0,0xe2000000)
  to   space 6656K, 0% used [0xe5d40000,0xe5d40000,0xe63c0000)
 ParOldGen       total 40704K, used 4686K [0xb35c0000, 0xb5d80000, 0xde040000)
  object space 40704K, 11% used [0xb35c0000,0xb3a53b30,0xb5d80000)
 PSPermGen       total 16384K, used 15319K [0xa35c0000, 0xa45c0000, 0xb35c0000)
  object space 16384K, 93% used [0xa35c0000,0xa44b5c48,0xa45c0000)
}
Event: 4.110 GC heap before
{Heap before GC invocations=8 (full 0):
 PSYoungGen      total 65280K, used 65274K [0xde040000, 0xe63c0000, 0xf35c0000)
  eden space 60672K, 100% used [0xde040000,0xe1b80000,0xe1b80000)
  from space 4608K, 99% used [0xe1b80000,0xe1ffe9e0,0xe2000000)
  to   space 6656K, 0% used [0xe5d40000,0xe5d40000,0xe63c0000)
 ParOldGen       total 40704K, used 4686K [0xb35c0000, 0xb5d80000, 0xde040000)
  object space 40704K, 11% used [0xb35c0000,0xb3a53b30,0xb5d80000)
 PSPermGen       total 18944K, used 18852K [0xa35c0000, 0xa4840000, 0xb35c0000)
  object space 18944K, 99% used [0xa35c0000,0xa4829368,0xa4840000)
Event: 4.122 GC heap after
Heap after GC invocations=8 (full 0):
 PSYoungGen      total 126208K, used 6645K [0xde040000, 0xe6740000, 0xf35c0000)
  eden space 119552K, 0% used [0xde040000,0xde040000,0xe5500000)
  from space 6656K, 99% used [0xe5d40000,0xe63bd5c0,0xe63c0000)
  to   space 8448K, 0% used [0xe5500000,0xe5500000,0xe5d40000)
 ParOldGen       total 40704K, used 5997K [0xb35c0000, 0xb5d80000, 0xde040000)
  object space 40704K, 14% used [0xb35c0000,0xb3b9b4f8,0xb5d80000)
 PSPermGen       total 18944K, used 18852K [0xa35c0000, 0xa4840000, 0xb35c0000)
  object space 18944K, 99% used [0xa35c0000,0xa4829368,0xa4840000)
}
Event: 5.388 GC heap before
{Heap before GC invocations=9 (full 0):
 PSYoungGen      total 126208K, used 126197K [0xde040000, 0xe6740000, 0xf35c0000)
  eden space 119552K, 100% used [0xde040000,0xe5500000,0xe5500000)
  from space 6656K, 99% used [0xe5d40000,0xe63bd5c0,0xe63c0000)
  to   space 8448K, 0% used [0xe5500000,0xe5500000,0xe5d40000)
 ParOldGen       total 40704K, used 5997K [0xb35c0000, 0xb5d80000, 0xde040000)
  object space 40704K, 14% used [0xb35c0000,0xb3b9b4f8,0xb5d80000)
 PSPermGen       total 25344K, used 25268K [0xa35c0000, 0xa4e80000, 0xb35c0000)
  object space 25344K, 99% used [0xa35c0000,0xa4e6d0e8,0xa4e80000)
Event: 5.418 GC heap after
Heap after GC invocations=9 (full 0):
 PSYoungGen      total 128000K, used 8442K [0xde040000, 0xeb1c0000, 0xf35c0000)
  eden space 119552K, 0% used [0xde040000,0xde040000,0xe5500000)
  from space 8448K, 99% used [0xe5500000,0xe5d3eb40,0xe5d40000)
  to   space 11520K, 0% used [0xea680000,0xea680000,0xeb1c0000)
 ParOldGen       total 40704K, used 10572K [0xb35c0000, 0xb5d80000, 0xde040000)
  object space 40704K, 25% used [0xb35c0000,0xb40130e8,0xb5d80000)
 PSPermGen       total 25344K, used 25268K [0xa35c0000, 0xa4e80000, 0xb35c0000)
  object space 25344K, 99% used [0xa35c0000,0xa4e6d0e8,0xa4e80000)
}
Event: 7.187 GC heap before
{Heap before GC invocations=10 (full 0):
 PSYoungGen      total 128000K, used 127994K [0xde040000, 0xeb1c0000, 0xf35c0000)
  eden space 119552K, 100% used [0xde040000,0xe5500000,0xe5500000)
  from space 8448K, 99% used [0xe5500000,0xe5d3eb40,0xe5d40000)
  to   space 11520K, 0% used [0xea680000,0xea680000,0xeb1c0000)
 ParOldGen       total 40704K, used 10572K [0xb35c0000, 0xb5d80000, 0xde040000)
  object space 40704K, 25% used [0xb35c0000,0xb40130e8,0xb5d80000)
 PSPermGen       total 29440K, used 29361K [0xa35c0000, 0xa5280000, 0xb35c0000)
  object space 29440K, 99% used [0xa35c0000,0xa526c4b0,0xa5280000)
Event: 7.205 GC heap after
Heap after GC invocations=10 (full 0):
 PSYoungGen      total 201984K, used 9083K [0xde040000, 0xeb3c0000, 0xf35c0000)
  eden space 190464K, 0% used [0xde040000,0xde040000,0xe9a40000)
  from space 11520K, 78% used [0xea680000,0xeaf5ec20,0xeb1c0000)
  to   space 12544K, 0% used [0xe9a40000,0xe9a40000,0xea680000)
 ParOldGen       total 40704K, used 12922K [0xb35c0000, 0xb5d80000, 0xde040000)
  object space 40704K, 31% used [0xb35c0000,0xb425eb50,0xb5d80000)
 PSPermGen       total 29440K, used 29361K [0xa35c0000, 0xa5280000, 0xb35c0000)
  object space 29440K, 99% used [0xa35c0000,0xa526c4b0,0xa5280000)
}
Event: 12.745 GC heap before
{Heap before GC invocations=11 (full 0):
 PSYoungGen      total 201984K, used 199547K [0xde040000, 0xeb3c0000, 0xf35c0000)
  eden space 190464K, 100% used [0xde040000,0xe9a40000,0xe9a40000)
  from space 11520K, 78% used [0xea680000,0xeaf5ec20,0xeb1c0000)
  to   space 12544K, 0% used [0xe9a40000,0xe9a40000,0xea680000)
 ParOldGen       total 40704K, used 12922K [0xb35c0000, 0xb5d80000, 0xde040000)
  object space 40704K, 31% used [0xb35c0000,0xb425eb50,0xb5d80000)
 PSPermGen       total 38912K, used 38848K [0xa35c0000, 0xa5bc0000, 0xb35c0000)
  object space 38912K, 99% used [0xa35c0000,0xa5bb0328,0xa5bc0000)

Deoptimization events (10 events):
Event: 8.683 Thread 0x09e3e800 Uncommon trap: reason=bimorphic action=maybe_recompile pc=0xf378b9e0 method=java.util.regex.Matcher.search(I)Z @ 86
Event: 8.683 Thread 0x09e3e800 Uncommon trap: reason=bimorphic action=maybe_recompile pc=0xf378b9e0 method=java.util.regex.Matcher.search(I)Z @ 86
Event: 10.605 Thread 0x09e3e800 Uncommon trap: reason=class_check action=maybe_recompile pc=0xf37b09dc method=scala.collection.IndexedSeqOptimized$class.slice(Lscala/collection/IndexedSeqOptimized;II)Ljava/lang/Object; @ 21
Event: 10.605 Thread 0x09e3e800 Uncommon trap: reason=class_check action=maybe_recompile pc=0xf37b09dc method=scala.collection.IndexedSeqOptimized$class.slice(Lscala/collection/IndexedSeqOptimized;II)Ljava/lang/Object; @ 21
Event: 10.916 Thread 0x09e3e800 Uncommon trap: reason=class_check action=maybe_recompile pc=0xf377b544 method=scala.collection.generic.GenTraversableFactory$$anon$1.apply()Lscala/collection/mutable/Builder; @ 4
Event: 10.916 Thread 0x09e3e800 Uncommon trap: reason=class_check action=maybe_recompile pc=0xf377b544 method=scala.collection.generic.GenTraversableFactory$$anon$1.apply()Lscala/collection/mutable/Builder; @ 4
Event: 10.917 Thread 0x09e3e800 Uncommon trap: reason=bimorphic action=maybe_recompile pc=0xf37ec1ec method=scala.collection.generic.Growable$class.loop$1(Lscala/collection/generic/Growable;Lscala/collection/LinearSeq;)V @ 11
Event: 10.917 Thread 0x09e3e800 Uncommon trap: reason=class_check action=maybe_recompile pc=0xf377b544 method=scala.collection.generic.GenTraversableFactory$$anon$1.apply()Lscala/collection/mutable/Builder; @ 4
Event: 10.917 Thread 0x09e3e800 Uncommon trap: reason=class_check action=maybe_recompile pc=0xf377b544 method=scala.collection.generic.GenTraversableFactory$$anon$1.apply()Lscala/collection/mutable/Builder; @ 4
Event: 11.334 Thread 0x09e3e800 Uncommon trap: reason=unstable_if action=reinterpret pc=0xf376979c method=java.lang.Class$MethodArray.addIfNotPresent(Ljava/lang/reflect/Method;)V @ 19

Internal exceptions (10 events):
Event: 12.689 Thread 0x09e3e800 Threw 0xe992a408 at /HUDSON/workspace/7u-2-build-linux-i586/jdk7u80/2329/hotspot/src/share/vm/prims/jvm.cpp:1319
Event: 12.691 Thread 0x09e3e800 Threw 0xe994a028 at /HUDSON/workspace/7u-2-build-linux-i586/jdk7u80/2329/hotspot/src/share/vm/prims/jvm.cpp:1319
Event: 12.692 Thread 0x09e3e800 Threw 0xe9969fb0 at /HUDSON/workspace/7u-2-build-linux-i586/jdk7u80/2329/hotspot/src/share/vm/prims/jvm.cpp:1319
Event: 12.693 Thread 0x09e3e800 Threw 0xe998b6a0 at /HUDSON/workspace/7u-2-build-linux-i586/jdk7u80/2329/hotspot/src/share/vm/prims/jvm.cpp:1319
Event: 12.694 Thread 0x09e3e800 Threw 0xe99a9358 at /HUDSON/workspace/7u-2-build-linux-i586/jdk7u80/2329/hotspot/src/share/vm/prims/jvm.cpp:1319
Event: 12.742 Thread 0x09e3e800 Threw 0xe99bf078 at /HUDSON/workspace/7u-2-build-linux-i586/jdk7u80/2329/hotspot/src/share/vm/prims/jvm.cpp:1319
Event: 12.743 Thread 0x09e3e800 Threw 0xe99e2cd0 at /HUDSON/workspace/7u-2-build-linux-i586/jdk7u80/2329/hotspot/src/share/vm/prims/jvm.cpp:1319
Event: 12.744 Thread 0x09e3e800 Threw 0xe9a06378 at /HUDSON/workspace/7u-2-build-linux-i586/jdk7u80/2329/hotspot/src/share/vm/prims/jvm.cpp:1319
Event: 12.744 Thread 0x09e3e800 Threw 0xe9a1b8a0 at /HUDSON/workspace/7u-2-build-linux-i586/jdk7u80/2329/hotspot/src/share/vm/prims/jvm.cpp:1319
Event: 12.745 Thread 0x09e3e800 Threw 0xe9a3e1d0 at /HUDSON/workspace/7u-2-build-linux-i586/jdk7u80/2329/hotspot/src/share/vm/prims/jvm.cpp:1319

Events (10 events):
Event: 12.742 loading class 0x9cfbd090 done
Event: 12.743 loading class 0x9cfbcef8
Event: 12.743 loading class 0x9cfbcef8 done
Event: 12.744 loading class 0x9c563530
Event: 12.744 loading class 0x9c563530 done
Event: 12.744 loading class 0x9cfbcf68
Event: 12.744 loading class 0x9cfbcf68 done
Event: 12.745 loading class 0x9c5634a8
Event: 12.745 loading class 0x9c5634a8 done
Event: 12.745 Executing VM operation: ParallelGCFailedAllocation


Dynamic libraries:
08048000-08049000 r-xp 00000000 08:0b 4997817                            /usr/local/java/bin/java
08049000-0804a000 rw-p 00000000 08:0b 4997817                            /usr/local/java/bin/java
09e37000-09e79000 rw-p 00000000 00:00 0                                  [heap]
9b3ac000-9b3af000 ---p 00000000 00:00 0 
9b3af000-9b3fd000 rw-p 00000000 00:00 0                                  [stack:9833]
9b3fd000-9b400000 ---p 00000000 00:00 0 
9b400000-9b44e000 rw-p 00000000 00:00 0                                  [stack:9832]
9b44e000-9b451000 ---p 00000000 00:00 0 
9b451000-9b49f000 rw-p 00000000 00:00 0                                  [stack:9831]
9b49f000-9b4a2000 ---p 00000000 00:00 0 
9b4a2000-9b4f0000 rw-p 00000000 00:00 0 
9b4f0000-9b4f3000 ---p 00000000 00:00 0 
9b4f3000-9b541000 rw-p 00000000 00:00 0                                  [stack:9830]
9b541000-9b544000 ---p 00000000 00:00 0 
9b544000-9b592000 rw-p 00000000 00:00 0 
9b592000-9b595000 ---p 00000000 00:00 0 
9b595000-9b5e3000 rw-p 00000000 00:00 0 
9b5e3000-9b5e6000 ---p 00000000 00:00 0 
9b5e6000-9b634000 rw-p 00000000 00:00 0 
9b634000-9b637000 ---p 00000000 00:00 0 
9b637000-9b685000 rw-p 00000000 00:00 0                                  [stack:9826]
9b685000-9b688000 ---p 00000000 00:00 0 
9b688000-9b6d6000 rw-p 00000000 00:00 0 
9b6d6000-9b6d9000 ---p 00000000 00:00 0 
9b6d9000-9b727000 rw-p 00000000 00:00 0 
9b727000-9b72a000 ---p 00000000 00:00 0 
9b72a000-9b778000 rw-p 00000000 00:00 0                                  [stack:9816]
9b778000-9b77b000 ---p 00000000 00:00 0 
9b77b000-9b7c9000 rw-p 00000000 00:00 0 
9b7c9000-9b7cc000 ---p 00000000 00:00 0 
9b7cc000-9b81a000 rw-p 00000000 00:00 0 
9b81a000-9b81d000 ---p 00000000 00:00 0 
9b81d000-9b86b000 rw-p 00000000 00:00 0                                  [stack:9811]
9b86b000-9b86e000 ---p 00000000 00:00 0 
9b86e000-9b8bc000 rw-p 00000000 00:00 0 
9b8bc000-9b8bf000 ---p 00000000 00:00 0 
9b8bf000-9b90d000 rw-p 00000000 00:00 0                                  [stack:9802]
9b90d000-9b910000 ---p 00000000 00:00 0 
9b910000-9b95e000 rw-p 00000000 00:00 0 
9b95e000-9b961000 ---p 00000000 00:00 0 
9b961000-9b9af000 rw-p 00000000 00:00 0                                  [stack:9797]
9b9af000-9b9b2000 ---p 00000000 00:00 0 
9b9b2000-9ba00000 rw-p 00000000 00:00 0                                  [stack:9793]
9ba00000-9baf2000 rw-p 00000000 00:00 0 
9baf2000-9bb00000 ---p 00000000 00:00 0 
9bb0d000-9bb10000 ---p 00000000 00:00 0 
9bb10000-9bb5e000 rw-p 00000000 00:00 0                                  [stack:9792]
9bb5e000-9bb61000 ---p 00000000 00:00 0 
9bb61000-9bbaf000 rw-p 00000000 00:00 0                                  [stack:9790]
9bbaf000-9bbb2000 ---p 00000000 00:00 0 
9bbb2000-9bc00000 rw-p 00000000 00:00 0                                  [stack:9787]
9bc00000-9bcf5000 rw-p 00000000 00:00 0 
9bcf5000-9bd00000 ---p 00000000 00:00 0 
9bd0d000-9bd10000 ---p 00000000 00:00 0 
9bd10000-9bd5e000 rw-p 00000000 00:00 0                                  [stack:9785]
9bd5e000-9bd61000 ---p 00000000 00:00 0 
9bd61000-9bdaf000 rw-p 00000000 00:00 0                                  [stack:9784]
9bdaf000-9bdb2000 ---p 00000000 00:00 0 
9bdb2000-9be00000 rw-p 00000000 00:00 0                                  [stack:9783]
9be00000-9bf00000 rw-p 00000000 00:00 0 
9bf0d000-9bf10000 ---p 00000000 00:00 0 
9bf10000-9bf5e000 rw-p 00000000 00:00 0                                  [stack:9782]
9bf5e000-9bf61000 ---p 00000000 00:00 0 
9bf61000-9bfaf000 rw-p 00000000 00:00 0                                  [stack:9781]
9bfaf000-9bfb2000 ---p 00000000 00:00 0 
9bfb2000-9c000000 rw-p 00000000 00:00 0                                  [stack:9780]
9c000000-9c0fc000 rw-p 00000000 00:00 0 
9c0fc000-9c100000 ---p 00000000 00:00 0 
9c10d000-9c110000 ---p 00000000 00:00 0 
9c110000-9c15e000 rw-p 00000000 00:00 0                                  [stack:9779]
9c15e000-9c161000 ---p 00000000 00:00 0 
9c161000-9c1af000 rw-p 00000000 00:00 0                                  [stack:9774]
9c1af000-9c1b2000 ---p 00000000 00:00 0 
9c1b2000-9c200000 rw-p 00000000 00:00 0                                  [stack:9767]
9c200000-9c2fe000 rw-p 00000000 00:00 0 
9c2fe000-9c300000 ---p 00000000 00:00 0 
9c300000-9c3fb000 rw-p 00000000 00:00 0 
9c3fb000-9c400000 ---p 00000000 00:00 0 
9c400000-9c4d1000 rw-p 00000000 00:00 0 
9c4d1000-9c500000 ---p 00000000 00:00 0 
9c500000-9c5f8000 rw-p 00000000 00:00 0 
9c5f8000-9c600000 ---p 00000000 00:00 0 
9c600000-9c6fe000 rw-p 00000000 00:00 0 
9c6fe000-9c700000 ---p 00000000 00:00 0 
9c70d000-9c710000 ---p 00000000 00:00 0 
9c710000-9c75e000 rw-p 00000000 00:00 0                                  [stack:9773]
9c75e000-9c761000 ---p 00000000 00:00 0 
9c761000-9c7af000 rw-p 00000000 00:00 0                                  [stack:9772]
9c7af000-9c7b2000 ---p 00000000 00:00 0 
9c7b2000-9c800000 rw-p 00000000 00:00 0                                  [stack:9771]
9c800000-9c8fb000 rw-p 00000000 00:00 0 
9c8fb000-9c900000 ---p 00000000 00:00 0 
9c900000-9c9fd000 rw-p 00000000 00:00 0 
9c9fd000-9ca00000 ---p 00000000 00:00 0 
9ca1e000-9ca21000 ---p 00000000 00:00 0 
9ca21000-9ca6f000 rw-p 00000000 00:00 0                                  [stack:9770]
9ca6f000-9ca72000 ---p 00000000 00:00 0 
9ca72000-9cac0000 rw-p 00000000 00:00 0                                  [stack:9769]
9cac0000-9cac3000 ---p 00000000 00:00 0 
9cac3000-9cb11000 rw-p 00000000 00:00 0                                  [stack:9768]
9cb16000-9cb26000 r-xp 00000000 08:0b 525440                             /tmp/liblz4-java780542520657687198.so
9cb26000-9cb27000 rw-p 0000f000 08:0b 525440                             /tmp/liblz4-java780542520657687198.so
9cb27000-9cb2a000 ---p 00000000 00:00 0 
9cb2a000-9cb78000 rw-p 00000000 00:00 0                                  [stack:9778]
9cb78000-9cb7b000 ---p 00000000 00:00 0 
9cb7b000-9cbc9000 rw-p 00000000 00:00 0                                  [stack:9777]
9cbc9000-9cbcc000 ---p 00000000 00:00 0 
9cbcc000-9cc1a000 rw-p 00000000 00:00 0                                  [stack:9765]
9cc1a000-9cc1d000 ---p 00000000 00:00 0 
9cc1d000-9cc6b000 rw-p 00000000 00:00 0                                  [stack:9764]
9cc6b000-9cc6e000 ---p 00000000 00:00 0 
9cc6e000-9ccbc000 rw-p 00000000 00:00 0                                  [stack:9763]
9ccbc000-9ccbf000 ---p 00000000 00:00 0 
9ccbf000-9cd0d000 rw-p 00000000 00:00 0                                  [stack:9762]
9cd0d000-9cd10000 ---p 00000000 00:00 0 
9cd10000-9cd5e000 rw-p 00000000 00:00 0                                  [stack:9761]
9cd5e000-9cd61000 ---p 00000000 00:00 0 
9cd61000-9cdaf000 rw-p 00000000 00:00 0                                  [stack:9760]
9cdaf000-9cdb2000 ---p 00000000 00:00 0 
9cdb2000-9ce00000 rw-p 00000000 00:00 0                                  [stack:9759]
9ce00000-9cefe000 rw-p 00000000 00:00 0 
9cefe000-9cf00000 ---p 00000000 00:00 0 
9cf00000-9d000000 rw-p 00000000 00:00 0 
9d000000-9d100000 rw-p 00000000 00:00 0 
9d10d000-9d110000 ---p 00000000 00:00 0 
9d110000-9d15e000 rw-p 00000000 00:00 0                                  [stack:9758]
9d15e000-9d161000 ---p 00000000 00:00 0 
9d161000-9d1af000 rw-p 00000000 00:00 0                                  [stack:9757]
9d1af000-9d1b2000 ---p 00000000 00:00 0 
9d1b2000-9d200000 rw-p 00000000 00:00 0                                  [stack:9755]
9d200000-9d2f3000 rw-p 00000000 00:00 0 
9d2f3000-9d300000 ---p 00000000 00:00 0 
9d300000-9d3fb000 rw-p 00000000 00:00 0 
9d3fb000-9d400000 ---p 00000000 00:00 0 
9d400000-9d500000 rw-p 00000000 00:00 0 
9d50d000-9d510000 ---p 00000000 00:00 0 
9d510000-9d55e000 rw-p 00000000 00:00 0                                  [stack:9754]
9d55e000-9d561000 ---p 00000000 00:00 0 
9d561000-9d5af000 rw-p 00000000 00:00 0                                  [stack:9753]
9d5af000-9d5b2000 ---p 00000000 00:00 0 
9d5b2000-9d600000 rw-p 00000000 00:00 0                                  [stack:9752]
9d600000-9d700000 rw-p 00000000 00:00 0 
9d703000-9d70d000 r--s 00253000 08:0b 5392440                            /usr/local/java/jre/lib/resources.jar
9d70d000-9d70e000 r-xp 00000000 08:0b 5391818                            /usr/local/java/jre/lib/i386/libjaas_unix.so
9d70e000-9d70f000 rw-p 00000000 08:0b 5391818                            /usr/local/java/jre/lib/i386/libjaas_unix.so
9d70f000-9d712000 ---p 00000000 00:00 0 
9d712000-9d72a000 rw-p 00000000 00:00 0                                  [stack:9747]
9d72a000-9d731000 r-xp 00000000 08:0b 5391812                            /usr/local/java/jre/lib/i386/libmanagement.so
9d731000-9d732000 rw-p 00006000 08:0b 5391812                            /usr/local/java/jre/lib/i386/libmanagement.so
9d732000-9d740000 r-xp 00000000 08:0b 5391770                            /usr/local/java/jre/lib/i386/libnio.so
9d740000-9d741000 rw-p 0000e000 08:0b 5391770                            /usr/local/java/jre/lib/i386/libnio.so
9d741000-9d7be000 r--s 005f8000 08:0b 4997534                            /usr/local/spark/jars/spark-catalyst_2.11-2.0.0.jar
9d7be000-9d7fe000 r--s 00277000 08:0b 4997391                            /usr/local/spark/jars/bcprov-jdk15on-1.51.jar
9d7fe000-9d86b000 r--s 00522000 08:0b 4997429                            /usr/local/spark/jars/spark-mllib_2.11-2.0.0.jar
9d86b000-9d86e000 ---p 00000000 00:00 0 
9d86e000-9d8bc000 rw-p 00000000 00:00 0                                  [stack:9745]
9d8bc000-9d8bf000 ---p 00000000 00:00 0 
9d8bf000-9d90d000 rw-p 00000000 00:00 0                                  [stack:9744]
9d90d000-9d910000 ---p 00000000 00:00 0 
9d910000-9d95e000 rw-p 00000000 00:00 0                                  [stack:9741]
9d95e000-9d961000 ---p 00000000 00:00 0 
9d961000-9d9af000 rw-p 00000000 00:00 0                                  [stack:9743]
9d9af000-9d9b2000 ---p 00000000 00:00 0 
9d9b2000-9da00000 rw-p 00000000 00:00 0                                  [stack:9739]
9da00000-9da8b000 rw-p 00000000 00:00 0 
9da8b000-9db00000 ---p 00000000 00:00 0 
9db00000-9dbe7000 rw-p 00000000 00:00 0 
9dbe7000-9dc00000 ---p 00000000 00:00 0 
9dc00000-9dd00000 rw-p 00000000 00:00 0 
9dd00000-9ddf9000 rw-p 00000000 00:00 0 
9ddf9000-9de00000 ---p 00000000 00:00 0 
9de00000-9de04000 r--s 0008b000 08:0b 5392446                            /usr/local/java/jre/lib/jsse.jar
9de04000-9de05000 r--s 00002000 08:0b 4997500                            /usr/local/spark/jars/slf4j-log4j12-1.7.16.jar
9de05000-9de0f000 r--s 000a5000 08:0b 4997384                            /usr/local/spark/jars/javassist-3.18.1-GA.jar
9de0f000-9de14000 r--s 0004e000 08:0b 4997542                            /usr/local/spark/jars/datanucleus-api-jdo-3.2.6.jar
9de14000-9de19000 r--s 00032000 08:0b 4997414                            /usr/local/spark/jars/chill_2.11-0.8.0.jar
9de19000-9de1c000 r--s 00019000 08:0b 4997417                            /usr/local/spark/jars/bonecp-0.8.0.RELEASE.jar
9de1c000-9de2e000 r--s 00112000 08:0b 4997373                            /usr/local/spark/jars/arpack_combined_all-0.1.jar
9de2e000-9de43000 r-xp 00000000 08:0b 5391811                            /usr/local/java/jre/lib/i386/libnet.so
9de43000-9de44000 rw-p 00015000 08:0b 5391811                            /usr/local/java/jre/lib/i386/libnet.so
9de44000-9de9d000 r--s 00522000 08:0b 4997510                            /usr/local/spark/jars/scala-library-2.11.8.jar
9de9d000-9decb000 r--s 001d0000 08:0b 4997416                            /usr/local/spark/jars/spark-streaming_2.11-2.0.0.jar
9decb000-9decd000 r--s 00007000 08:0b 4997565                            /usr/local/spark/jars/hadoop-yarn-server-web-proxy-2.7.2.jar
9decd000-9dece000 r--s 0000b000 08:0b 4997535                            /usr/local/spark/jars/hadoop-mapreduce-client-shuffle-2.7.2.jar
9dece000-9ded0000 r--s 00005000 08:0b 4997567                            /usr/local/spark/jars/javax.annotation-api-1.2.jar
9ded0000-9dedd000 r--s 00083000 08:0b 4997549                            /usr/local/spark/jars/commons-collections-3.2.2.jar
9dedd000-9dede000 r--s 00003000 08:0b 4997398                            /usr/local/spark/jars/spark-tags_2.11-2.0.0.jar
9dede000-9dee2000 r--s 00030000 08:0b 4997499                            /usr/local/spark/jars/commons-net-2.2.jar
9dee2000-9dee3000 r--s 00003000 08:0b 4997525                            /usr/local/spark/jars/jta-1.1.jar
9dee3000-9dee5000 r--s 00003000 08:0b 4997528                            /usr/local/spark/jars/jcl-over-slf4j-1.7.16.jar
9dee5000-9deea000 r--s 00027000 08:0b 4997505                            /usr/local/spark/jars/hk2-api-2.4.0-b34.jar
9deea000-9deee000 r--s 0001a000 08:0b 4997502                            /usr/local/spark/jars/hk2-utils-2.4.0-b34.jar
9deee000-9df00000 r--s 000b3000 08:0b 4997409                            /usr/local/spark/jars/scalap-2.11.8.jar
9df00000-9dff9000 rw-p 00000000 00:00 0 
9dff9000-9e000000 ---p 00000000 00:00 0 
9e000000-9e004000 r--s 00014000 08:0b 4997468                            /usr/local/spark/jars/xz-1.0.jar
9e004000-9e006000 r--s 00014000 08:0b 4997438                            /usr/local/spark/jars/spire-macros_2.11-0.7.4.jar
9e006000-9e009000 r--s 0000e000 08:0b 4997368                            /usr/local/spark/jars/jersey-container-servlet-core-2.22.2.jar
9e009000-9e00b000 r--s 00006000 08:0b 4997395                            /usr/local/spark/jars/paranamer-2.3.jar
9e00b000-9e00d000 r--s 00003000 08:0b 4997406                            /usr/local/spark/jars/api-asn1-api-1.0.0-M20.jar
9e00d000-9e010000 r--s 00009000 08:0b 4997518                            /usr/local/spark/jars/jackson-annotations-2.6.5.jar
9e010000-9e017000 r--s 00052000 08:0b 4997397                            /usr/local/spark/jars/hadoop-yarn-server-common-2.7.2.jar
9e017000-9e019000 r--s 00003000 08:0b 4997495                            /usr/local/spark/jars/JavaEWAH-0.3.2.jar
9e019000-9e023000 r--s 00075000 08:0b 4997401                            /usr/local/spark/jars/hadoop-mapreduce-client-app-2.7.2.jar
9e023000-9e028000 r--s 00036000 08:0b 4997526                            /usr/local/spark/jars/commons-compress-1.4.1.jar
9e028000-9e05c000 r--s 00277000 08:0b 4997564                            /usr/local/spark/jars/parquet-hadoop-bundle-1.6.0.jar
9e05c000-9e06a000 r--s 00099000 08:0b 4997541                            /usr/local/spark/jars/spark-graphx_2.11-2.0.0.jar
9e06a000-9e06b000 r--s 00002000 08:0b 4997426                            /usr/local/spark/jars/java-xmlbuilder-1.0.jar
9e06b000-9e06c000 r--s 00004000 08:0b 4997546                            /usr/local/spark/jars/eigenbase-properties-1.1.5.jar
9e06c000-9e06e000 r--s 00006000 08:0b 4997434                            /usr/local/spark/jars/spark-sketch_2.11-2.0.0.jar
9e06e000-9e086000 r--s 00115000 08:0b 4997531                            /usr/local/spark/jars/xercesImpl-2.9.1.jar
9e086000-9e087000 r--s 00009000 08:0b 4997485                            /usr/local/spark/jars/hive-cli-1.2.1.spark2.jar
9e087000-9e0a8000 r--s 0019a000 08:0b 4997501                            /usr/local/spark/jars/spark-hive-thriftserver_2.11-2.0.0.jar
9e0a8000-9e0aa000 r--s 00008000 08:0b 4997376                            /usr/local/spark/jars/metrics-jvm-3.1.2.jar
9e0aa000-9e0ab000 r--s 00001000 08:0b 4997514                            /usr/local/spark/jars/pmml-schema-1.2.15.jar
9e0ab000-9e0ad000 r--s 0000e000 08:0b 4997558                            /usr/local/spark/jars/spark-repl_2.11-2.0.0.jar
9e0ad000-9e156000 r--s 00a4f000 08:0b 4997539                            /usr/local/spark/jars/hive-exec-1.2.1.spark2.jar
9e156000-9e22b000 r--s 00bff000 08:0b 4997366                            /usr/local/spark/jars/breeze_2.11-0.11.2.jar
9e22b000-9e300000 r--s 00a51000 08:0b 4997433                            /usr/local/spark/jars/spark-core_2.11-2.0.0.jar
9e300000-9e3ff000 rw-p 00000000 00:00 0 
9e3ff000-9e400000 ---p 00000000 00:00 0 
9e400000-9e402000 r--s 0000a000 08:0b 4997504                            /usr/local/spark/jars/json-20090211.jar
9e402000-9e411000 r--s 0009f000 08:0b 4997480                            /usr/local/spark/jars/guice-3.0.jar
9e411000-9e414000 r--s 00021000 08:0b 4997483                            /usr/local/spark/jars/xbean-asm5-shaded-4.4.jar
9e414000-9e428000 r--s 000e9000 08:0b 4997371                            /usr/local/spark/jars/spark-hive_2.11-2.0.0.jar
9e428000-9e42a000 r--s 00003000 08:0b 4997381                            /usr/local/spark/jars/hadoop-annotations-2.7.2.jar
9e42a000-9e42c000 r--s 00004000 08:0b 4997498                            /usr/local/spark/jars/metrics-graphite-3.1.2.jar
9e42c000-9e444000 r--s 000d6000 08:0b 4997472                            /usr/local/spark/jars/jersey-guava-2.22.2.jar
9e444000-9e446000 r--s 00017000 08:0b 4997418                            /usr/local/spark/jars/hive-jdbc-1.2.1.spark2.jar
9e446000-9e456000 r--s 00093000 08:0b 4997467                            /usr/local/spark/jars/spark-yarn_2.11-2.0.0.jar
9e456000-9e45b000 r--s 0002f000 08:0b 4997551                            /usr/local/spark/jars/parquet-hadoop-1.7.0.jar
9e45b000-9e45e000 r--s 0000e000 08:0b 4997385                            /usr/local/spark/jars/spark-launcher_2.11-2.0.0.jar
9e45e000-9e461000 r--s 00015000 08:0b 4997521                            /usr/local/spark/jars/javax.servlet-api-3.1.0.jar
9e461000-9e465000 r--s 00028000 08:0b 4997497                            /usr/local/spark/jars/jetty-util-6.1.26.jar
9e465000-9e487000 rw-p 00000000 00:00 0 
9e487000-9e48b000 r--s 00025000 08:0b 4997466                            /usr/local/spark/jars/antlr-runtime-3.4.jar
9e48b000-9e48e000 r--s 000fd000 08:0b 4997372                            /usr/local/spark/jars/leveldbjni-all-1.8.jar
9e48e000-9e496000 r--s 00078000 08:0b 4997458                            /usr/local/spark/jars/mail-1.4.7.jar
9e496000-9e49c000 r--s 00028000 08:0b 4997464                            /usr/local/spark/jars/curator-framework-2.6.0.jar
9e49c000-9e4a1000 r--s 00033000 08:0b 4997419                            /usr/local/spark/jars/libthrift-0.9.2.jar
9e4a1000-9e4c3000 r--s 001d4000 08:0b 4997555                            /usr/local/spark/jars/netty-all-4.0.29.Final.jar
9e4c3000-9e4d4000 r--s 00089000 08:0b 4997389                            /usr/local/spark/jars/joda-time-2.9.3.jar
9e4d4000-9e4ea000 r--s 000d3000 08:0b 4997363                            /usr/local/spark/jars/jersey-server-2.22.2.jar
9e4ea000-9e500000 r--s 000ca000 08:0b 4997392                            /usr/local/spark/jars/parquet-column-1.7.0.jar
9e500000-9e5fd000 rw-p 00000000 00:00 0 
9e5fd000-9e600000 ---p 00000000 00:00 0 
9e600000-9e602000 r--s 00015000 08:0b 4997523                            /usr/local/spark/jars/pyrolite-4.9.jar
9e602000-9e609000 r--s 00051000 08:0b 4997522                            /usr/local/spark/jars/kryo-shaded-3.0.3.jar
9e609000-9e60a000 r--s 00003000 08:0b 4997559                            /usr/local/spark/jars/metrics-json-3.1.2.jar
9e60a000-9e60c000 r--s 00012000 08:0b 4997509                            /usr/local/spark/jars/compress-lzf-1.0.3.jar
9e60c000-9e60f000 r--s 00025000 08:0b 4997488                            /usr/local/spark/jars/commons-dbcp-1.4.jar
9e60f000-9e61a000 r--s 00062000 08:0b 4997450                            /usr/local/spark/jars/calcite-linq4j-1.2.0-incubating.jar
9e61a000-9e627000 r--s 000ab000 08:0b 4997412                            /usr/local/spark/jars/hadoop-mapreduce-client-common-2.7.2.jar
9e627000-9e629000 r--s 0000b000 08:0b 4997369                            /usr/local/spark/jars/chill-java-0.8.0.jar
9e629000-9e62a000 r--s 00009000 08:0b 4997561                            /usr/local/spark/jars/slf4j-api-1.7.16.jar
9e62a000-9e631000 r--s 00039000 08:0b 4997517                            /usr/local/spark/jars/calcite-avatica-1.2.0-incubating.jar
9e631000-9e638000 r--s 0003f000 08:0b 4997513                            /usr/local/spark/jars/commons-codec-1.10.jar
9e638000-9e63f000 r--s 00046000 08:0b 4997399                            /usr/local/spark/jars/libfb303-0.9.2.jar
9e63f000-9e641000 r--s 00010000 08:0b 4997441                            /usr/local/spark/jars/jersey-media-jaxb-2.22.2.jar
9e641000-9e645000 r--s 00031000 08:0b 4997545                            /usr/local/spark/jars/jline-2.12.jar
9e645000-9e64c000 r--s 0007d000 08:0b 4997402                            /usr/local/spark/jars/jetty-6.1.26.jar
9e64c000-9e64d000 r--s 00002000 08:0b 4997423                            /usr/local/spark/jars/jpam-1.1.jar
9e64d000-9e650000 r--s 00015000 08:0b 4997533                            /usr/local/spark/jars/commons-pool-1.5.4.jar
9e650000-9e651000 r--s 0000b000 08:0b 4997367                            /usr/local/spark/jars/snappy-0.2.jar
9e651000-9e653000 r--s 00004000 08:0b 4997455                            /usr/local/spark/jars/stax-api-1.0-2.jar
9e653000-9e656000 r--s 00012000 08:0b 4997516                            /usr/local/spark/jars/json4s-ast_2.11-3.2.11.jar
9e656000-9e663000 r--s 00071000 08:0b 4997550                            /usr/local/spark/jars/jackson-module-scala_2.11-2.6.5.jar
9e663000-9e664000 r--s 00001000 08:0b 4997411                            /usr/local/spark/jars/javax.inject-2.4.0-b34.jar
9e664000-9e66d000 r--s 0006f000 08:0b 4997377                            /usr/local/spark/jars/log4j-1.2.17.jar
9e66d000-9e685000 r--s 00115000 08:0b 4997487                            /usr/local/spark/jars/netty-3.8.0.Final.jar
9e685000-9e687000 r--s 00000000 08:0b 4997566                            /usr/local/spark/jars/jul-to-slf4j-1.7.16.jar
9e687000-9e689000 r--s 00009000 08:0b 4997427                            /usr/local/spark/jars/spark-unsafe_2.11-2.0.0.jar
9e689000-9e68c000 r--s 0000c000 08:0b 4997390                            /usr/local/spark/jars/spark-network-shuffle_2.11-2.0.0.jar
9e68c000-9e69a000 r--s 000b1000 08:0b 4997556                            /usr/local/spark/jars/jackson-mapper-asl-1.9.13.jar
9e69a000-9e6a4000 r--s 00095000 08:0b 4997375                            /usr/local/spark/jars/scala-xml_2.11-1.0.2.jar
9e6a4000-9e6f9000 r--s 0069c000 08:0b 4997428                            /usr/local/spark/jars/spire_2.11-0.7.4.jar
9e6f9000-9e700000 r--s 00049000 08:0b 4997407                            /usr/local/spark/jars/httpcore-4.4.4.jar
9e700000-9e800000 rw-p 00000000 00:00 0 
9e800000-9e806000 r--s 00044000 08:0b 4997430                            /usr/local/spark/jars/antlr4-runtime-4.5.3.jar
9e806000-9e80b000 r--s 00027000 08:0b 4997490                            /usr/local/spark/jars/spark-mllib-local_2.11-2.0.0.jar
9e80b000-9e80d000 r--s 00004000 08:0b 4997374                            /usr/local/spark/jars/parquet-common-1.7.0.jar
9e80d000-9e80e000 r--s 00009000 08:0b 4997470                            /usr/local/spark/jars/json4s-jackson_2.11-3.2.11.jar
9e80e000-9e813000 r--s 00068000 08:0b 4997512                            /usr/local/spark/jars/antlr-2.7.7.jar
9e813000-9e819000 r--s 0002c000 08:0b 4997463                            /usr/local/spark/jars/jdo-api-3.0.1.jar
9e819000-9e81b000 r--s 00020000 08:0b 4997415                            /usr/local/spark/jars/hive-beeline-1.2.1.spark2.jar
9e81b000-9e81f000 r--s 00036000 08:0b 4997364                            /usr/local/spark/jars/ST4-4.0.4.jar
9e81f000-9e823000 r--s 0001e000 08:0b 4997503                            /usr/local/spark/jars/breeze-macros_2.11-0.11.2.jar
9e823000-9e825000 r--s 00005000 08:0b 4997425                            /usr/local/spark/jars/stax-api-1.0.1.jar
9e825000-9e827000 r--s 0000e000 08:0b 4997446                            /usr/local/spark/jars/commons-logging-1.1.3.jar
9e827000-9e829000 r--s 00008000 08:0b 4997507                            /usr/local/spark/jars/hadoop-mapreduce-client-jobclient-2.7.2.jar
9e829000-9e84d000 r--s 001cd000 08:0b 4997424                            /usr/local/spark/jars/commons-math3-3.4.1.jar
9e84d000-9e850000 r--s 00018000 08:0b 4997432                            /usr/local/spark/jars/py4j-0.10.1.jar
9e850000-9e858000 r--s 00066000 08:0b 4997563                            /usr/local/spark/jars/apache-log4j-extras-1.2.17.jar
9e858000-9e85e000 r--s 00043000 08:0b 4997410                            /usr/local/spark/jars/commons-configuration-1.6.jar
9e85e000-9e863000 r--s 0002a000 08:0b 4997496                            /usr/local/spark/jars/gson-2.2.4.jar
9e863000-9e871000 r--s 0009d000 08:0b 4997436                            /usr/local/spark/jars/jersey-common-2.22.2.jar
9e871000-9e879000 r--s 0007b000 08:0b 4997396                            /usr/local/spark/jars/protobuf-java-2.5.0.jar
9e879000-9e8a2000 r--s 001ee000 08:0b 4997447                            /usr/local/spark/jars/guava-14.0.1.jar
9e8a2000-9e8a5000 r--s 00014000 08:0b 4997532                            /usr/local/spark/jars/super-csv-2.2.0.jar
9e8a5000-9e8b3000 r--s 0012a000 08:0b 4997537                            /usr/local/spark/jars/mesos-0.21.1-shaded-protobuf.jar
9e8b3000-9e8b5000 r--s 00012000 08:0b 4997491                            /usr/local/spark/jars/api-util-1.0.0-M20.jar
9e8b5000-9e8b8000 r--s 00017000 08:0b 4997469                            /usr/local/spark/jars/jaxb-api-2.2.2.jar
9e8b8000-9e8ba000 r--s 00100000 08:0b 4997478                            /usr/local/spark/jars/snappy-java-1.1.2.4.jar
9e8ba000-9e8e8000 r--s 00210000 08:0b 4997548                            /usr/local/spark/jars/spark-network-common_2.11-2.0.0.jar
9e8e8000-9e900000 r--s 001b6000 08:0b 4997452                            /usr/local/spark/jars/datanucleus-core-3.2.10.jar
9e900000-9e9ff000 rw-p 00000000 00:00 0 
9e9ff000-9ea00000 ---p 00000000 00:00 0 
9ea00000-9ea01000 r--s 00000000 08:0b 4997437                            /usr/local/spark/jars/hadoop-client-2.7.2.jar
9ea01000-9ea05000 r--s 0000c000 08:0b 4997393                            /usr/local/spark/jars/validation-api-1.1.0.Final.jar
9ea05000-9ea0f000 r--s 00086000 08:0b 4997403                            /usr/local/spark/jars/json4s-core_2.11-3.2.11.jar
9ea0f000-9ea11000 r--s 00009000 08:0b 4997404                            /usr/local/spark/jars/jackson-module-paranamer-2.6.5.jar
9ea11000-9ea3b000 r--s 002cc000 08:0b 4997387                            /usr/local/spark/jars/derby-10.11.1.1.jar
9ea3b000-9ea54000 r--s 00150000 08:0b 4997431                            /usr/local/spark/jars/htrace-core-3.1.0-incubating.jar
9ea54000-9ea61000 r--s 000a7000 08:0b 4997386                            /usr/local/spark/jars/httpclient-4.5.2.jar
9ea61000-9ea63000 r--s 00006000 08:0b 4997477                            /usr/local/spark/jars/commons-compiler-2.7.6.jar
9ea63000-9ea6c000 r--s 00062000 08:0b 4997365                            /usr/local/spark/jars/avro-1.7.7.jar
9ea6c000-9ea71000 r--s 00028000 08:0b 4997370                            /usr/local/spark/jars/avro-mapred-1.7.7-hadoop2.jar
9ea71000-9ea73000 r--s 0000e000 08:0b 4997440                            /usr/local/spark/jars/oro-2.0.8.jar
9ea73000-9ea77000 r--s 0002a000 08:0b 4997442                            /usr/local/spark/jars/commons-io-2.4.jar
9ea77000-9ea7c000 r--s 00041000 08:0b 4997379                            /usr/local/spark/jars/commons-lang-2.6.jar
9ea7c000-9eae6000 r--s 00779000 08:0b 4997540                            /usr/local/spark/jars/hadoop-hdfs-2.7.2.jar
9eae6000-9eae8000 r--s 00027000 08:0b 4997474                            /usr/local/spark/jars/core-1.1.2.jar
9eae8000-9eaeb000 r--s 00016000 08:0b 4997536                            /usr/local/spark/jars/jsp-api-2.1.jar
9eaeb000-9eaef000 r--s 00019000 08:0b 4997362                            /usr/local/spark/jars/javax.ws.rs-api-2.0.1.jar
9eaef000-9eaf1000 r--s 00004000 08:0b 4997553                            /usr/local/spark/jars/parquet-generator-1.7.0.jar
9eaf1000-9eafc000 r--s 000b0000 08:0b 4997524                            /usr/local/spark/jars/jtransforms-2.4.0.jar
9eafc000-9eafe000 r--s 00000000 08:0b 4997493                            /usr/local/spark/jars/aopalliance-1.0.jar
9eafe000-9eb00000 r--s 00002000 08:0b 4997457                            /usr/local/spark/jars/aopalliance-repackaged-2.4.0-b34.jar
9eb00000-9ebf9000 rw-p 00000000 00:00 0 
9ebf9000-9ec00000 ---p 00000000 00:00 0 
9ec00000-9ec1d000 r--s 001d0000 08:0b 4997422                            /usr/local/spark/jars/hadoop-yarn-api-2.7.2.jar
9ec1d000-9ec80000 r--s 004de000 08:0b 4997383                            /usr/local/spark/jars/hive-metastore-1.2.1.spark2.jar
9ec80000-9ecf4000 r--s 00564000 08:0b 4997444                            /usr/local/spark/jars/spark-sql_2.11-2.0.0.jar
9ecf4000-9ee00000 r--s 00dba000 08:0b 4997527                            /usr/local/spark/jars/scala-compiler-2.11.8.jar
9ee00000-9eeff000 rw-p 00000000 00:00 0 
9eeff000-9ef00000 ---p 00000000 00:00 0 
9ef00000-9ef03000 r--s 00028000 08:0b 4997456                            /usr/local/spark/jars/stream-2.7.0.jar
9ef03000-9ef08000 r--s 0002a000 08:0b 4997461                            /usr/local/spark/jars/commons-beanutils-1.7.0.jar
9ef08000-9ef0a000 r--s 00003000 08:0b 4997519                            /usr/local/spark/jars/jersey-container-servlet-2.22.2.jar
9ef0a000-9ef0c000 r--s 00009000 08:0b 4997494                            /usr/local/spark/jars/commons-cli-1.2.jar
9ef0c000-9ef13000 r--s 00036000 08:0b 4997421                            /usr/local/spark/jars/curator-recipes-2.6.0.jar
9ef13000-9ef16000 r--s 0002f000 08:0b 4997449                            /usr/local/spark/jars/RoaringBitmap-0.5.11.jar
9ef16000-9ef2a000 r--s 000ec000 08:0b 4997554                            /usr/local/spark/jars/parquet-jackson-1.7.0.jar
9ef2a000-9ef2d000 r--s 00022000 08:0b 4997439                            /usr/local/spark/jars/stringtemplate-3.2.1.jar
9ef2d000-9ef31000 r--s 00018000 08:0b 4997408                            /usr/local/spark/jars/metrics-core-3.1.2.jar
9ef31000-9ef47000 r--s 00124000 08:0b 4997484                            /usr/local/spark/jars/ivy-2.4.0.jar
9ef47000-9ef7e000 r--s 00325000 08:0b 4997454                            /usr/local/spark/jars/calcite-core-1.2.0-incubating.jar
9ef7e000-9efb4000 r--s 00313000 08:0b 4997530                            /usr/local/spark/jars/hadoop-common-2.7.2.jar
9efb4000-9f000000 r--s 00411000 08:0b 4997435                            /usr/local/spark/jars/scala-reflect-2.11.8.jar
9f000000-9f0fc000 rw-p 00000000 00:00 0 
9f0fc000-9f100000 ---p 00000000 00:00 0 
9f100000-9f101000 r--s 00003000 08:0b 4997471                            /usr/local/spark/jars/xmlenc-0.52.jar
9f101000-9f10a000 r--s 00097000 08:0b 4997520                            /usr/local/spark/jars/pmml-model-1.2.15.jar
9f10a000-9f10d000 r--s 00006000 08:0b 4997492                            /usr/local/spark/jars/jsr305-1.3.9.jar
9f10d000-9f10e000 ---p 00000000 00:00 0 
9f10e000-9f18e000 rw-p 00000000 00:00 0                                  [stack:9738]
9f18e000-9f191000 ---p 00000000 00:00 0 
9f191000-9f20f000 rw-p 00000000 00:00 0                                  [stack:9736]
9f20f000-9f212000 ---p 00000000 00:00 0 
9f212000-9f290000 rw-p 00000000 00:00 0                                  [stack:9735]
9f290000-9f400000 r--p 001bc000 08:0b 4856839                            /usr/lib/locale/locale-archive
9f400000-9f600000 r--p 00000000 08:0b 4856839                            /usr/lib/locale/locale-archive
9f600000-9f644000 rw-p 00000000 00:00 0 
9f644000-9f700000 ---p 00000000 00:00 0 
9f700000-9f702000 r--s 0000e000 08:0b 4997460                            /usr/local/spark/jars/guice-servlet-3.0.jar
9f702000-9f706000 r--s 0003c000 08:0b 4997465                            /usr/local/spark/jars/jackson-core-2.6.5.jar
9f706000-9f70d000 r--s 0005d000 08:0b 4997515                            /usr/local/spark/jars/mx4j-3.0.2.jar
9f70d000-9f710000 ---p 00000000 00:00 0 
9f710000-9f75e000 rw-p 00000000 00:00 0                                  [stack:9737]
9f75e000-9f761000 ---p 00000000 00:00 0 
9f761000-9f7af000 rw-p 00000000 00:00 0                                  [stack:9734]
9f7af000-9f7b2000 ---p 00000000 00:00 0 
9f7b2000-9f800000 rw-p 00000000 00:00 0                                  [stack:9733]
9f800000-9f900000 rw-p 00000000 00:00 0 
9f900000-9f901000 r--s 00004000 08:0b 4997475                            /usr/local/spark/jars/opencsv-2.3.jar
9f901000-9f925000 rw-p 00000000 00:00 0 
9f925000-9f92e000 r--s 0008d000 08:0b 4997543                            /usr/local/spark/jars/janino-2.7.8.jar
9f92e000-9f931000 ---p 00000000 00:00 0 
9f931000-9f97f000 rw-p 00000000 00:00 0                                  [stack:9732]
9f97f000-9f980000 ---p 00000000 00:00 0 
9f980000-9fa00000 rw-p 00000000 00:00 0                                  [stack:9731]
9fa00000-9fb00000 rw-p 00000000 00:00 0 
9fb00000-9fb01000 r--s 0000a000 08:0b 4997560                            /usr/local/spark/jars/apacheds-i18n-2.0.0-M15.jar
9fb01000-9fb07000 r--s 00063000 08:0b 4997482                            /usr/local/spark/jars/jodd-core-3.5.2.jar
9fb07000-9fb0e000 r--s 00058000 08:0b 4997405                            /usr/local/spark/jars/parquet-format-2.3.0-incubating.jar
9fb0e000-9fb25000 r--s 0017d000 08:0b 4997443                            /usr/local/spark/jars/hadoop-yarn-common-2.7.2.jar
9fb25000-9fb40000 r--s 001d8000 08:0b 4997400                            /usr/local/spark/jars/jets3t-0.9.3.jar
9fb40000-9fd00000 r--s 039fb000 08:0b 5392241                            /usr/local/java/jre/lib/rt.jar
9fd00000-a2a00000 rw-p 00000000 00:00 0 
a2a00000-a2afc000 rw-p 00000000 00:00 0 
a2afc000-a2b00000 ---p 00000000 00:00 0 
a2b00000-a2b02000 r--s 00038000 08:0b 4997544                            /usr/local/spark/jars/lz4-1.3.0.jar
a2b02000-a2b05000 r--s 0000f000 08:0b 4997562                            /usr/local/spark/jars/hadoop-auth-2.7.2.jar
a2b05000-a2b09000 r--s 00035000 08:0b 4997529                            /usr/local/spark/jars/jackson-core-asl-1.9.13.jar
a2b09000-a2b0f000 r--s 00045000 08:0b 4997448                            /usr/local/spark/jars/commons-httpclient-3.1.jar
a2b0f000-a2b1a000 r--s 0005d000 08:0b 4997459                            /usr/local/spark/jars/scala-parser-combinators_2.11-1.0.4.jar
a2b1a000-a2b1e000 r--s 0002c000 08:0b 4997506                            /usr/local/spark/jars/avro-ipc-1.7.7.jar
a2b1e000-a2b34000 r--s 001a4000 08:0b 4997462                            /usr/local/spark/jars/datanucleus-rdbms-3.2.9.jar
a2b34000-a2b7f000 rw-p 00000000 00:00 0 
a2b7f000-a2b80000 ---p 00000000 00:00 0 
a2b80000-a2c00000 rw-p 00000000 00:00 0                                  [stack:9730]
a2c00000-a2cab000 rw-p 00000000 00:00 0 
a2cab000-a2d00000 ---p 00000000 00:00 0 
a2d00000-a2d21000 rw-p 00000000 00:00 0 
a2d21000-a2e00000 ---p 00000000 00:00 0 
a2e00000-a2e0c000 r--s 000b6000 08:0b 4997445                            /usr/local/spark/jars/zookeeper-3.4.6.jar
a2e0c000-a2e24000 r--s 0015e000 08:0b 4997382                            /usr/local/spark/jars/hadoop-mapreduce-client-core-2.7.2.jar
a2e24000-a2e7f000 rw-p 00000000 00:00 0 
a2e7f000-a2e80000 ---p 00000000 00:00 0 
a2e80000-a2f00000 rw-p 00000000 00:00 0                                  [stack:9729]
a2f00000-a2f63000 rw-p 00000000 00:00 0 
a2f63000-a3000000 ---p 00000000 00:00 0 
a3000000-a3002000 r--s 00009000 08:0b 4997394                            /usr/local/spark/jars/objenesis-2.1.jar
a3002000-a3003000 r--s 00006000 08:0b 4997552                            /usr/local/spark/jars/jackson-xc-1.9.13.jar
a3003000-a3007000 r--s 00025000 08:0b 4997388                            /usr/local/spark/jars/jersey-client-2.22.2.jar
a3007000-a300e000 r--s 0005e000 08:0b 4997557                            /usr/local/spark/jars/commons-lang3-3.3.2.jar
a300e000-a300f000 r--s 00001000 08:0b 4997511                            /usr/local/spark/jars/minlog-1.3.0.jar
a300f000-a3013000 r--s 0002f000 08:0b 4997476                            /usr/local/spark/jars/commons-beanutils-core-1.8.0.jar
a3013000-a3014000 r--s 00004000 08:0b 4997508                            /usr/local/spark/jars/osgi-resource-locator-1.0.1.jar
a3014000-a3018000 r--s 00029000 08:0b 4997413                            /usr/local/spark/jars/hk2-locator-2.4.0-b34.jar
a3018000-a3020000 r--s 00059000 08:0b 4997420                            /usr/local/spark/jars/javolution-5.5.1.jar
a3020000-a3026000 r--s 00041000 08:0b 4997547                            /usr/local/spark/jars/univocity-parsers-2.1.1.jar
a3026000-a3038000 r--s 00097000 08:0b 4997380                            /usr/local/spark/jars/apacheds-kerberos-codec-2.0.0-M15.jar
a3038000-a3049000 r--s 0010d000 08:0b 4997538                            /usr/local/spark/jars/jackson-databind-2.6.5.jar
a3049000-a3067000 rw-p 00000000 00:00 0 
a3067000-a3068000 ---p 00000000 00:00 0 
a3068000-a30e8000 rw-p 00000000 00:00 0                                  [stack:9728]
a30e8000-a30e9000 ---p 00000000 00:00 0 
a30e9000-a317c000 rw-p 00000000 00:00 0                                  [stack:9727]
a317c000-a31e9000 rw-p 00000000 00:00 0 
a31e9000-a31fd000 rw-p 00000000 00:00 0 
a31fd000-a333f000 rw-p 00000000 00:00 0 
a333f000-a3352000 rw-p 00000000 00:00 0 
a3352000-a33bf000 rw-p 00000000 00:00 0 
a33bf000-a33d3000 rw-p 00000000 00:00 0 
a33d3000-a3514000 rw-p 00000000 00:00 0 
a3514000-a357e000 rw-p 00000000 00:00 0 
a357e000-a35bf000 rw-p 00000000 00:00 0 
a35bf000-a5bc0000 rw-p 00000000 00:00 0 
a5bc0000-b35c0000 rw-p 00000000 00:00 0 
b35c0000-b5d80000 rw-p 00000000 00:00 0 
b5d80000-de040000 rw-p 00000000 00:00 0 
de040000-eb3c0000 rw-p 00000000 00:00 0 
f2a62000-f2c80000 rw-p 00000000 00:00 0 
f2c80000-f35c0000 rw-p 00000000 00:00 0 
f35c0000-f35c2000 r--s 0000f000 08:0b 4997378                            /usr/local/spark/jars/activation-1.1.1.jar
f35c2000-f35c4000 r--s 0000f000 08:0b 4997479                            /usr/local/spark/jars/curator-client-2.6.0.jar
f35c4000-f35c7000 r--s 00020000 08:0b 4997486                            /usr/local/spark/jars/hadoop-yarn-client-2.7.2.jar
f35c7000-f35d0000 rw-p 00000000 00:00 0 
f35d0000-f3687000 rw-p 00000000 00:00 0 
f3687000-f38c7000 rwxp 00000000 00:00 0 
f38c7000-f6687000 rw-p 00000000 00:00 0 
f6687000-f6691000 r-xp 00000000 08:0b 4074143                            /lib/i386-linux-gnu/libnss_files-2.19.so
f6691000-f6692000 r--p 00009000 08:0b 4074143                            /lib/i386-linux-gnu/libnss_files-2.19.so
f6692000-f6693000 rw-p 0000a000 08:0b 4074143                            /lib/i386-linux-gnu/libnss_files-2.19.so
f6693000-f66a8000 r-xp 00000000 08:0b 4074131                            /lib/i386-linux-gnu/libnsl-2.19.so
f66a8000-f66a9000 r--p 00015000 08:0b 4074131                            /lib/i386-linux-gnu/libnsl-2.19.so
f66a9000-f66aa000 rw-p 00016000 08:0b 4074131                            /lib/i386-linux-gnu/libnsl-2.19.so
f66aa000-f66ac000 rw-p 00000000 00:00 0 
f66ac000-f66ad000 r--s 00004000 08:0b 4997481                            /usr/local/spark/jars/jackson-jaxrs-1.9.13.jar
f66ad000-f66b3000 r--s 00040000 08:0b 4997451                            /usr/local/spark/jars/parquet-encoding-1.7.0.jar
f66b3000-f66ca000 r-xp 00000000 08:0b 5391796                            /usr/local/java/jre/lib/i386/libzip.so
f66ca000-f66cb000 rw-p 00016000 08:0b 5391796                            /usr/local/java/jre/lib/i386/libzip.so
f66cb000-f66d3000 rw-s 00000000 08:0b 933234                             /tmp/hsperfdata_root/9710
f66d3000-f66f6000 r-xp 00000000 08:0b 5391810                            /usr/local/java/jre/lib/i386/libjava.so
f66f6000-f66f7000 rw-p 00023000 08:0b 5391810                            /usr/local/java/jre/lib/i386/libjava.so
f66f7000-f66fe000 r-xp 00000000 08:0b 4074139                            /lib/i386-linux-gnu/librt-2.19.so
f66fe000-f66ff000 r--p 00006000 08:0b 4074139                            /lib/i386-linux-gnu/librt-2.19.so
f66ff000-f6700000 rw-p 00007000 08:0b 4074139                            /lib/i386-linux-gnu/librt-2.19.so
f6700000-f67fa000 rw-p 00000000 00:00 0 
f67fa000-f6800000 ---p 00000000 00:00 0 
f6800000-f6804000 r--s 00020000 08:0b 4997473                            /usr/local/spark/jars/commons-digester-1.8.jar
f6804000-f6807000 ---p 00000000 00:00 0 
f6807000-f6855000 rw-p 00000000 00:00 0                                  [stack:9726]
f6855000-f6899000 r-xp 00000000 08:0b 4070458                            /lib/i386-linux-gnu/libm-2.19.so
f6899000-f689a000 r--p 00043000 08:0b 4070458                            /lib/i386-linux-gnu/libm-2.19.so
f689a000-f689b000 rw-p 00044000 08:0b 4070458                            /lib/i386-linux-gnu/libm-2.19.so
f689b000-f7122000 r-xp 00000000 08:0b 5391801                            /usr/local/java/jre/lib/i386/server/libjvm.so
f7122000-f7186000 rw-p 00886000 08:0b 5391801                            /usr/local/java/jre/lib/i386/server/libjvm.so
f7186000-f75aa000 rw-p 00000000 00:00 0 
f75aa000-f7752000 r-xp 00000000 08:0b 4074140                            /lib/i386-linux-gnu/libc-2.19.so
f7752000-f7753000 ---p 001a8000 08:0b 4074140                            /lib/i386-linux-gnu/libc-2.19.so
f7753000-f7755000 r--p 001a8000 08:0b 4074140                            /lib/i386-linux-gnu/libc-2.19.so
f7755000-f7756000 rw-p 001aa000 08:0b 4074140                            /lib/i386-linux-gnu/libc-2.19.so
f7756000-f7759000 rw-p 00000000 00:00 0 
f7759000-f775c000 r-xp 00000000 08:0b 4074127                            /lib/i386-linux-gnu/libdl-2.19.so
f775c000-f775d000 r--p 00002000 08:0b 4074127                            /lib/i386-linux-gnu/libdl-2.19.so
f775d000-f775e000 rw-p 00003000 08:0b 4074127                            /lib/i386-linux-gnu/libdl-2.19.so
f775e000-f775f000 rw-p 00000000 00:00 0 
f775f000-f7773000 r-xp 00000000 08:0b 4997784                            /usr/local/java/lib/i386/jli/libjli.so
f7773000-f7774000 rw-p 00013000 08:0b 4997784                            /usr/local/java/lib/i386/jli/libjli.so
f7774000-f778c000 r-xp 00000000 08:0b 4074132                            /lib/i386-linux-gnu/libpthread-2.19.so
f778c000-f778d000 r--p 00018000 08:0b 4074132                            /lib/i386-linux-gnu/libpthread-2.19.so
f778d000-f778e000 rw-p 00019000 08:0b 4074132                            /lib/i386-linux-gnu/libpthread-2.19.so
f778e000-f7790000 rw-p 00000000 00:00 0 
f7790000-f7792000 r--s 00003000 08:0b 4997489                            /usr/local/spark/jars/base64-2.3.8.jar
f7792000-f7793000 r--s 00000000 08:0b 4997453                            /usr/local/spark/jars/javax.inject-1.jar
f7793000-f7794000 r--p 00464000 08:0b 4856839                            /usr/lib/locale/locale-archive
f7794000-f779e000 r-xp 00000000 08:0b 4074135                            /lib/i386-linux-gnu/libnss_nis-2.19.so
f779e000-f779f000 r--p 00009000 08:0b 4074135                            /lib/i386-linux-gnu/libnss_nis-2.19.so
f779f000-f77a0000 rw-p 0000a000 08:0b 4074135                            /lib/i386-linux-gnu/libnss_nis-2.19.so
f77a0000-f77a7000 r-xp 00000000 08:0b 4074130                            /lib/i386-linux-gnu/libnss_compat-2.19.so
f77a7000-f77a8000 r--p 00006000 08:0b 4074130                            /lib/i386-linux-gnu/libnss_compat-2.19.so
f77a8000-f77a9000 rw-p 00007000 08:0b 4074130                            /lib/i386-linux-gnu/libnss_compat-2.19.so
f77a9000-f77aa000 rw-p 00000000 00:00 0 
f77aa000-f77ab000 ---p 00000000 00:00 0 
f77ab000-f77b6000 r-xp 00000000 08:0b 5391781                            /usr/local/java/jre/lib/i386/libverify.so
f77b6000-f77b7000 rw-p 0000b000 08:0b 5391781                            /usr/local/java/jre/lib/i386/libverify.so
f77b7000-f77b9000 rw-p 00000000 00:00 0 
f77b9000-f77ba000 r-xp 00000000 00:00 0                                  [vdso]
f77ba000-f77da000 r-xp 00000000 08:0b 4074133                            /lib/i386-linux-gnu/ld-2.19.so
f77da000-f77db000 r--p 0001f000 08:0b 4074133                            /lib/i386-linux-gnu/ld-2.19.so
f77db000-f77dc000 rw-p 00020000 08:0b 4074133                            /lib/i386-linux-gnu/ld-2.19.so
ff7f2000-ff7f3000 rwxp 00000000 00:00 0 
ff825000-ff846000 rw-p 00000000 00:00 0                                  [stack]

VM Arguments:
jvm_args: -Xmx1g -XX:MaxPermSize=256m 
java_command: org.apache.spark.deploy.SparkSubmit RDD_DF.py
Launcher Type: SUN_STANDARD

Environment Variables:
JAVA_HOME=/usr/local/java
PATH=/usr/local/sbin:/usr/local/bin:/usr/sbin:/usr/bin:/sbin:/bin:/usr/games:/usr/local/games:/usr/local/java/bin:/usr/local/hadoop/bin
USERNAME=root
SHELL=/bin/bash
DISPLAY=:0

Signal Handlers:
SIGSEGV: [libjvm.so+0x7eb160], sa_mask[0]=0x7ffbfeff, sa_flags=0x10000004
SIGBUS: [libjvm.so+0x7eb160], sa_mask[0]=0x7ffbfeff, sa_flags=0x10000004
SIGFPE: [libjvm.so+0x684ac0], sa_mask[0]=0x7ffbfeff, sa_flags=0x10000004
SIGPIPE: [libjvm.so+0x684ac0], sa_mask[0]=0x7ffbfeff, sa_flags=0x10000004
SIGXFSZ: [libjvm.so+0x684ac0], sa_mask[0]=0x7ffbfeff, sa_flags=0x10000004
SIGILL: [libjvm.so+0x684ac0], sa_mask[0]=0x7ffbfeff, sa_flags=0x10000004
SIGUSR1: SIG_DFL, sa_mask[0]=0x00000000, sa_flags=0x00000000
SIGUSR2: [libjvm.so+0x686330], sa_mask[0]=0x00000000, sa_flags=0x10000004
SIGHUP: [libjvm.so+0x687660], sa_mask[0]=0x7ffbfeff, sa_flags=0x10000004
SIGINT: [libjvm.so+0x687660], sa_mask[0]=0x7ffbfeff, sa_flags=0x10000004
SIGTERM: [libjvm.so+0x687660], sa_mask[0]=0x7ffbfeff, sa_flags=0x10000004
SIGQUIT: [libjvm.so+0x687660], sa_mask[0]=0x7ffbfeff, sa_flags=0x10000004


---------------  S Y S T E M  ---------------

OS:jessie/sid

uname:Linux 3.13.0-108-generic #155-Ubuntu SMP Wed Jan 11 16:58:52 UTC 2017 x86_64
libc:glibc 2.19 NPTL 2.19 
rlimit: STACK 8192k, CORE 0k, NPROC 29789, NOFILE 4096, AS infinity
load average:0.97 0.67 0.60

/proc/meminfo:
MemTotal:        3914104 kB
MemFree:          134892 kB
Buffers:             428 kB
Cached:           455732 kB
SwapCached:            0 kB
Active:          3109932 kB
Inactive:         413592 kB
Active(anon):    3077292 kB
Inactive(anon):   381304 kB
Active(file):      32640 kB
Inactive(file):    32288 kB
Unevictable:         636 kB
Mlocked:             636 kB
SwapTotal:             0 kB
SwapFree:              0 kB
Dirty:               648 kB
Writeback:             0 kB
AnonPages:       3068024 kB
Mapped:           257812 kB
Shmem:            391208 kB
Slab:              94732 kB
SReclaimable:      37444 kB
SUnreclaim:        57288 kB
KernelStack:        6768 kB
PageTables:        65692 kB
NFS_Unstable:          0 kB
Bounce:                0 kB
WritebackTmp:          0 kB
CommitLimit:     1957052 kB
Committed_AS:    9966856 kB
VmallocTotal:   34359738367 kB
VmallocUsed:      559132 kB
VmallocChunk:   34359154140 kB
HardwareCorrupted:     0 kB
AnonHugePages:   1009664 kB
HugePages_Total:       0
HugePages_Free:        0
HugePages_Rsvd:        0
HugePages_Surp:        0
Hugepagesize:       2048 kB
DirectMap4k:       91900 kB
DirectMap2M:     3969024 kB


CPU:total 4 (2 cores per cpu, 2 threads per core) family 6 model 58 stepping 9, cmov, cx8, fxsr, mmx, sse, sse2, sse3, ssse3, sse4.1, sse4.2, popcnt, avx, aes, erms, ht, tsc, tscinvbit, tscinv

/proc/cpuinfo:
processor	: 0
vendor_id	: GenuineIntel
cpu family	: 6
model		: 58
model name	: Intel(R) Core(TM) i5-3337U CPU @ 1.80GHz
stepping	: 9
microcode	: 0x17
cpu MHz		: 774.000
cache size	: 3072 KB
physical id	: 0
siblings	: 4
core id		: 0
cpu cores	: 2
apicid		: 0
initial apicid	: 0
fpu		: yes
fpu_exception	: yes
cpuid level	: 13
wp		: yes
flags		: fpu vme de pse tsc msr pae mce cx8 apic sep mtrr pge mca cmov pat pse36 clflush dts acpi mmx fxsr sse sse2 ss ht tm pbe syscall nx rdtscp lm constant_tsc arch_perfmon pebs bts rep_good nopl xtopology nonstop_tsc aperfmperf eagerfpu pni pclmulqdq dtes64 monitor ds_cpl vmx est tm2 ssse3 cx16 xtpr pdcm pcid sse4_1 sse4_2 x2apic popcnt tsc_deadline_timer aes xsave avx f16c rdrand lahf_lm ida arat epb xsaveopt pln pts dtherm tpr_shadow vnmi flexpriority ept vpid fsgsbase smep erms
bogomips	: 3591.85
clflush size	: 64
cache_alignment	: 64
address sizes	: 36 bits physical, 48 bits virtual
power management:

processor	: 1
vendor_id	: GenuineIntel
cpu family	: 6
model		: 58
model name	: Intel(R) Core(TM) i5-3337U CPU @ 1.80GHz
stepping	: 9
microcode	: 0x17
cpu MHz		: 774.000
cache size	: 3072 KB
physical id	: 0
siblings	: 4
core id		: 0
cpu cores	: 2
apicid		: 1
initial apicid	: 1
fpu		: yes
fpu_exception	: yes
cpuid level	: 13
wp		: yes
flags		: fpu vme de pse tsc msr pae mce cx8 apic sep mtrr pge mca cmov pat pse36 clflush dts acpi mmx fxsr sse sse2 ss ht tm pbe syscall nx rdtscp lm constant_tsc arch_perfmon pebs bts rep_good nopl xtopology nonstop_tsc aperfmperf eagerfpu pni pclmulqdq dtes64 monitor ds_cpl vmx est tm2 ssse3 cx16 xtpr pdcm pcid sse4_1 sse4_2 x2apic popcnt tsc_deadline_timer aes xsave avx f16c rdrand lahf_lm ida arat epb xsaveopt pln pts dtherm tpr_shadow vnmi flexpriority ept vpid fsgsbase smep erms
bogomips	: 3591.85
clflush size	: 64
cache_alignment	: 64
address sizes	: 36 bits physical, 48 bits virtual
power management:

processor	: 2
vendor_id	: GenuineIntel
cpu family	: 6
model		: 58
model name	: Intel(R) Core(TM) i5-3337U CPU @ 1.80GHz
stepping	: 9
microcode	: 0x17
cpu MHz		: 1400.000
cache size	: 3072 KB
physical id	: 0
siblings	: 4
core id		: 1
cpu cores	: 2
apicid		: 2
initial apicid	: 2
fpu		: yes
fpu_exception	: yes
cpuid level	: 13
wp		: yes
flags		: fpu vme de pse tsc msr pae mce cx8 apic sep mtrr pge mca cmov pat pse36 clflush dts acpi mmx fxsr sse sse2 ss ht tm pbe syscall nx rdtscp lm constant_tsc arch_perfmon pebs bts rep_good nopl xtopology nonstop_tsc aperfmperf eagerfpu pni pclmulqdq dtes64 monitor ds_cpl vmx est tm2 ssse3 cx16 xtpr pdcm pcid sse4_1 sse4_2 x2apic popcnt tsc_deadline_timer aes xsave avx f16c rdrand lahf_lm ida arat epb xsaveopt pln pts dtherm tpr_shadow vnmi flexpriority ept vpid fsgsbase smep erms
bogomips	: 3591.85
clflush size	: 64
cache_alignment	: 64
address sizes	: 36 bits physical, 48 bits virtual
power management:

processor	: 3
vendor_id	: GenuineIntel
cpu family	: 6
model		: 58
model name	: Intel(R) Core(TM) i5-3337U CPU @ 1.80GHz
stepping	: 9
microcode	: 0x17
cpu MHz		: 1801.000
cache size	: 3072 KB
physical id	: 0
siblings	: 4
core id		: 1
cpu cores	: 2
apicid		: 3
initial apicid	: 3
fpu		: yes
fpu_exception	: yes
cpuid level	: 13
wp		: yes
flags		: fpu vme de pse tsc msr pae mce cx8 apic sep mtrr pge mca cmov pat pse36 clflush dts acpi mmx fxsr sse sse2 ss ht tm pbe syscall nx rdtscp lm constant_tsc arch_perfmon pebs bts rep_good nopl xtopology nonstop_tsc aperfmperf eagerfpu pni pclmulqdq dtes64 monitor ds_cpl vmx est tm2 ssse3 cx16 xtpr pdcm pcid sse4_1 sse4_2 x2apic popcnt tsc_deadline_timer aes xsave avx f16c rdrand lahf_lm ida arat epb xsaveopt pln pts dtherm tpr_shadow vnmi flexpriority ept vpid fsgsbase smep erms
bogomips	: 3591.85
clflush size	: 64
cache_alignment	: 64
address sizes	: 36 bits physical, 48 bits virtual
power management:



Memory: 4k page, physical 3914104k(134892k free), swap 0k(0k free)

vm_info: Java HotSpot(TM) Server VM (24.80-b11) for linux-x86 JRE (1.7.0_80-b15), built on Apr 10 2015 12:29:10 by "java_re" with gcc 4.3.0 20080428 (Red Hat 4.3.0-8)

time: Thu Feb 16 12:14:16 2017
elapsed time: 13 seconds

